  hmwk_wk_3.vcxproj -> C:\Users\test\Google Drive\classC\hmwk_wk_3\Debug\hmwk_wk_3.exe
  hmwk_wk_3.vcxproj -> C:\Users\test\Google Drive\classC\hmwk_wk_3\Debug\hmwk_wk_3.pdb (Partial PDB)
  hmwk_wk_3.vcxproj -> C:\Users\test\Google Drive\classC\hmwk_wk_3\Debug\hmwk_wk_3.pdb (Partial -> Full PDB)

Project Performance Summary:
     1003 ms  C:\Users\test\Google Drive\classC\hmwk_wk_3\hmwk_wk_3\hmwk_wk_3.vcxproj   1 calls
               1003 ms  Build                                      1 calls

Target Performance Summary:
        0 ms  ComputeMIDLGeneratedCompileInputs          1 calls
        0 ms  ComputeRCGeneratedLinkInputs               1 calls
        0 ms  BuildCompile                               1 calls
        0 ms  CreateSatelliteAssemblies                  1 calls
        0 ms  _BuildCompileAction                        1 calls
        0 ms  GetInstalledSDKLocations                   1 calls
        0 ms  BuildCompileTraverse                       1 calls
        0 ms  ComputeManifestGeneratedLinkerInputs       1 calls
        0 ms  ResolvedXDCMake                            1 calls
        0 ms  AfterClCompile                             1 calls
        0 ms  BeforeBuildGenerateSources                 1 calls
        0 ms  ResolveReferences                          1 calls
        0 ms  SelectClCompile                            1 calls
        0 ms  _CheckForCompileOutputs                    1 calls
        0 ms  _Deploy                                    1 calls
        0 ms  PreLinkEvent                               1 calls
        0 ms  AfterMidl                                  1 calls
        0 ms  BeforeResourceCompile                      1 calls
        0 ms  _BuildLinkAction                           1 calls
        0 ms  _Manifest                                  1 calls
        0 ms  ComputeCLInputPDBName                      1 calls
        0 ms  AfterBuildCompileEvent                     1 calls
        0 ms  AfterBuild                                 1 calls
        0 ms  BeforeLink                                 1 calls
        0 ms  PrepareProjectReferences                   1 calls
        0 ms  PostBuildEvent                             1 calls
        0 ms  _Midl                                      1 calls
        0 ms  CreateCustomManifestResourceNames          1 calls
        0 ms  _XdcMake                                   1 calls
        0 ms  AfterLink                                  1 calls
        0 ms  PrepareResourceNames                       1 calls
        0 ms  AfterBuildGenerateSourcesEvent             1 calls
        0 ms  BuildGenerateSources                       1 calls
        0 ms  _CopySourceItemsToOutputDirectory          1 calls
        0 ms  AfterResourceCompile                       1 calls
        0 ms  _Xsd                                       1 calls
        0 ms  ComputeCustomBuildOutput                   1 calls
        0 ms  ComputeCLGeneratedLinkInputs               1 calls
        0 ms  MakeDirsForBscMake                         1 calls
        0 ms  Desktop_PlatformPrepareForBuild            1 calls
        0 ms  ResolveSDKReferences                       1 calls
        0 ms  ComputeCLCompileGeneratedSbrFiles          1 calls
        0 ms  BuildLink                                  1 calls
        0 ms  SelectCustomBuild                          1 calls
        0 ms  _BuildGenerateSourcesAction                1 calls
        0 ms  _Link                                      1 calls
        0 ms  BeforeClCompile                            1 calls
        0 ms  ComputeRCOutputs                           1 calls
        0 ms  BuildLinkTraverse                          1 calls
        0 ms  AfterResolveReferences                     1 calls
        0 ms  BeforeResolveReferences                    1 calls
        0 ms  _Appverifier                               1 calls
        0 ms  _ClCompile                                 1 calls
        0 ms  PrepareForRun                              1 calls
        0 ms  ComputeLinkInputsFromProject               1 calls
        0 ms  _BscMake                                   1 calls
        0 ms  _ResourceCompile                           1 calls
        0 ms  Build                                      1 calls
        0 ms  MakeDirsForResourceCompile                 1 calls
        0 ms  PreBuildEvent                              1 calls
        1 ms  GetFrameworkPaths                          1 calls
        1 ms  _GenerateSatelliteAssemblyInputs           1 calls
        1 ms  ComputeManifestInputsTargets               1 calls
        1 ms  MakeDirsForXdcMake                         1 calls
        1 ms  GetCopyToOutputDirectoryItems              1 calls
        1 ms  ComputeCLCompileGeneratedXDCFiles          1 calls
        1 ms  _ALink                                     1 calls
        1 ms  ComputeLinkSwitches                        1 calls
        1 ms  ExpandSDKReferences                        1 calls
        1 ms  PlatformPrepareForBuild                    1 calls
        1 ms  MakeDirsForLink                            1 calls
        1 ms  GetCopyToOutputDirectoryXamlAppDefs        1 calls
        1 ms  _SplitProjectReferencesByFileExistence     1 calls
        1 ms  ComputeLegacyManifestEmbedding             1 calls
        1 ms  GetReferenceAssemblyPaths                  1 calls
        1 ms  DoLinkOutputFilesMatch                     1 calls
        1 ms  MakeDirsForMidl                            1 calls
        1 ms  ResolveAssemblyReferences                  1 calls
        1 ms  FixupCLCompileOptions                      1 calls
        1 ms  _PrepareForReferenceResolution             1 calls
        1 ms  _SelectedFiles                             1 calls
        1 ms  AssignTargetPaths                          1 calls
        1 ms  CopyFilesToOutputDirectory                 1 calls
        1 ms  GetResolvedWinMD                           1 calls
        1 ms  AfterBuildGenerateSources                  1 calls
        1 ms  BuildGenerateSourcesTraverse               1 calls
        1 ms  ComputeReferenceCLInput                    1 calls
        1 ms  _PrepareForBuild                           1 calls
        1 ms  SplitResourcesByCulture                    1 calls
        1 ms  DebugSymbolsProjectOutputGroup             1 calls
        1 ms  ComputeCLOutputs                           1 calls
        1 ms  _GetProjectReferenceTargetFrameworkProperties   1 calls
        2 ms  AssignProjectConfiguration                 1 calls
        2 ms  MakeDirsForCl                              1 calls
        3 ms  WarnCompileDuplicatedFilename              1 calls
        5 ms  FinalizeBuildStatus                        1 calls
        6 ms  PrepareForBuild                            1 calls
       10 ms  SetBuildDefaultEnvironmentVariables        1 calls
       14 ms  InitializeBuildStatus                      1 calls
       18 ms  _CheckForInvalidConfigurationAndPlatform   1 calls
       29 ms  ResolveProjectReferences                   1 calls
       44 ms  Link                                       1 calls
       81 ms  ClCompile                                  1 calls
      254 ms  SetCABuildNativeEnvironmentVariables       1 calls
      502 ms  CreateFullDebugSymbols                     1 calls
