  hmwk_12_7_tjm.c
c:\users\test\google drive\classc\hmwk_wk_5\hmwk_wk_5\hmwk_12_7_tjm.c(15): warning C4005: 'max': macro redefinition
  c:\program files (x86)\windows kits\10\include\10.0.15063.0\ucrt\stdlib.h(1300): note: see previous definition of 'max'
  hmwk_11_10_tjm.c
c:\users\test\google drive\classc\hmwk_wk_5\hmwk_wk_5\hmwk_11_10_tjm.c(23): warning C4047: '==': 'int' differs in levels of indirection from 'void *'
c:\users\test\google drive\classc\hmwk_wk_5\hmwk_wk_5\hmwk_11_10_tjm.c(27): warning C4047: '==': 'int' differs in levels of indirection from 'void *'
c:\users\test\google drive\classc\hmwk_wk_5\hmwk_wk_5\hmwk_11_10_tjm.c(31): warning C4047: '==': 'int' differs in levels of indirection from 'void *'
c:\users\test\google drive\classc\hmwk_wk_5\hmwk_wk_5\hmwk_11_10_tjm.c(23): warning C4996: 'fopen': This function or variable may be unsafe. Consider using fopen_s instead. To disable deprecation, use _CRT_SECURE_NO_WARNINGS. See online help for details.
  c:\program files (x86)\windows kits\10\include\10.0.15063.0\ucrt\stdio.h(207): note: see declaration of 'fopen'
c:\users\test\google drive\classc\hmwk_wk_5\hmwk_wk_5\hmwk_11_10_tjm.c(27): warning C4996: 'fopen': This function or variable may be unsafe. Consider using fopen_s instead. To disable deprecation, use _CRT_SECURE_NO_WARNINGS. See online help for details.
  c:\program files (x86)\windows kits\10\include\10.0.15063.0\ucrt\stdio.h(207): note: see declaration of 'fopen'
c:\users\test\google drive\classc\hmwk_wk_5\hmwk_wk_5\hmwk_11_10_tjm.c(31): warning C4996: 'fopen': This function or variable may be unsafe. Consider using fopen_s instead. To disable deprecation, use _CRT_SECURE_NO_WARNINGS. See online help for details.
  c:\program files (x86)\windows kits\10\include\10.0.15063.0\ucrt\stdio.h(207): note: see declaration of 'fopen'
c:\users\test\google drive\classc\hmwk_wk_5\hmwk_wk_5\hmwk_11_10_tjm.c(38): warning C4996: 'fscanf': This function or variable may be unsafe. Consider using fscanf_s instead. To disable deprecation, use _CRT_SECURE_NO_WARNINGS. See online help for details.
  c:\program files (x86)\windows kits\10\include\10.0.15063.0\ucrt\stdio.h(1195): note: see declaration of 'fscanf'
c:\users\test\google drive\classc\hmwk_wk_5\hmwk_wk_5\hmwk_11_10_tjm.c(41): warning C4996: 'fscanf': This function or variable may be unsafe. Consider using fscanf_s instead. To disable deprecation, use _CRT_SECURE_NO_WARNINGS. See online help for details.
  c:\program files (x86)\windows kits\10\include\10.0.15063.0\ucrt\stdio.h(1195): note: see declaration of 'fscanf'
c:\users\test\google drive\classc\hmwk_wk_5\hmwk_wk_5\hmwk_11_10_tjm.c(46): warning C4996: 'fscanf': This function or variable may be unsafe. Consider using fscanf_s instead. To disable deprecation, use _CRT_SECURE_NO_WARNINGS. See online help for details.
  c:\program files (x86)\windows kits\10\include\10.0.15063.0\ucrt\stdio.h(1195): note: see declaration of 'fscanf'
c:\users\test\google drive\classc\hmwk_wk_5\hmwk_wk_5\hmwk_11_10_tjm.c(51): warning C4996: 'fscanf': This function or variable may be unsafe. Consider using fscanf_s instead. To disable deprecation, use _CRT_SECURE_NO_WARNINGS. See online help for details.
  c:\program files (x86)\windows kits\10\include\10.0.15063.0\ucrt\stdio.h(1195): note: see declaration of 'fscanf'
c:\users\test\google drive\classc\hmwk_wk_5\hmwk_wk_5\hmwk_11_10_tjm.c(61): warning C4996: 'fscanf': This function or variable may be unsafe. Consider using fscanf_s instead. To disable deprecation, use _CRT_SECURE_NO_WARNINGS. See online help for details.
  c:\program files (x86)\windows kits\10\include\10.0.15063.0\ucrt\stdio.h(1195): note: see declaration of 'fscanf'
c:\users\test\google drive\classc\hmwk_wk_5\hmwk_wk_5\hmwk_11_10_tjm.c(65): warning C4996: 'fscanf': This function or variable may be unsafe. Consider using fscanf_s instead. To disable deprecation, use _CRT_SECURE_NO_WARNINGS. See online help for details.
  c:\program files (x86)\windows kits\10\include\10.0.15063.0\ucrt\stdio.h(1195): note: see declaration of 'fscanf'
c:\users\test\google drive\classc\hmwk_wk_5\hmwk_wk_5\hmwk_11_10_tjm.c(67): warning C4996: 'fscanf': This function or variable may be unsafe. Consider using fscanf_s instead. To disable deprecation, use _CRT_SECURE_NO_WARNINGS. See online help for details.
  c:\program files (x86)\windows kits\10\include\10.0.15063.0\ucrt\stdio.h(1195): note: see declaration of 'fscanf'
c:\users\test\google drive\classc\hmwk_wk_5\hmwk_wk_5\hmwk_11_10_tjm.c(70): warning C4996: 'fscanf': This function or variable may be unsafe. Consider using fscanf_s instead. To disable deprecation, use _CRT_SECURE_NO_WARNINGS. See online help for details.
  c:\program files (x86)\windows kits\10\include\10.0.15063.0\ucrt\stdio.h(1195): note: see declaration of 'fscanf'
  Generating Code...
c:\users\test\google drive\classc\hmwk_wk_5\hmwk_wk_5\hmwk_11_10_tjm.c(23): warning C4700: uninitialized local variable 'odfPtr' used
c:\users\test\google drive\classc\hmwk_wk_5\hmwk_wk_5\hmwk_11_10_tjm.c(27): warning C4700: uninitialized local variable 'trfPtr' used
c:\users\test\google drive\classc\hmwk_wk_5\hmwk_wk_5\hmwk_11_10_tjm.c(31): warning C4700: uninitialized local variable 'nwfPtr' used
  hmwk_wk_5.vcxproj -> C:\Users\test\Google Drive\classC\hmwk_wk_5\Debug\hmwk_wk_5.exe
  hmwk_wk_5.vcxproj -> C:\Users\test\Google Drive\classC\hmwk_wk_5\Debug\hmwk_wk_5.pdb (Partial PDB)

Project Performance Summary:
     1298 ms  C:\Users\test\Google Drive\classC\hmwk_wk_5\hmwk_wk_5\hmwk_wk_5.vcxproj   1 calls
               1298 ms  Build                                      1 calls

Target Performance Summary:
        0 ms  AfterBuild                                 1 calls
        0 ms  _Manifest                                  1 calls
        0 ms  _SelectedFiles                             1 calls
        0 ms  PrepareProjectReferences                   1 calls
        0 ms  _Midl                                      1 calls
        0 ms  SelectCustomBuild                          1 calls
        0 ms  _ClCompile                                 1 calls
        0 ms  CreateCustomManifestResourceNames          1 calls
        0 ms  _CheckForCompileOutputs                    1 calls
        0 ms  BeforeLink                                 1 calls
        0 ms  AfterBuildCompileEvent                     1 calls
        0 ms  ComputeManifestInputsTargets               1 calls
        0 ms  _BuildLinkAction                           1 calls
        0 ms  BeforeResourceCompile                      1 calls
        0 ms  AfterMidl                                  1 calls
        0 ms  PreLinkEvent                               1 calls
        0 ms  _Deploy                                    1 calls
        0 ms  ComputeCLInputPDBName                      1 calls
        0 ms  BeforeBuildGenerateSources                 1 calls
        0 ms  GetCopyToOutputDirectoryXamlAppDefs        1 calls
        0 ms  ResolveReferences                          1 calls
        0 ms  BuildGenerateSources                       1 calls
        0 ms  _CopySourceItemsToOutputDirectory          1 calls
        0 ms  AfterResourceCompile                       1 calls
        0 ms  _Xsd                                       1 calls
        0 ms  ComputeCustomBuildOutput                   1 calls
        0 ms  MakeDirsForBscMake                         1 calls
        0 ms  _ResourceCompile                           1 calls
        0 ms  SelectClCompile                            1 calls
        0 ms  ComputeLinkInputsFromProject               1 calls
        0 ms  _Link                                      1 calls
        0 ms  ComputeRCOutputs                           1 calls
        0 ms  _XdcMake                                   1 calls
        0 ms  CreateSatelliteAssemblies                  1 calls
        0 ms  ExpandSDKReferences                        1 calls
        0 ms  AfterBuildGenerateSources                  1 calls
        0 ms  ComputeManifestGeneratedLinkerInputs       1 calls
        0 ms  Build                                      1 calls
        0 ms  AfterClCompile                             1 calls
        0 ms  ComputeMIDLGeneratedCompileInputs          1 calls
        0 ms  PlatformPrepareForBuild                    1 calls
        0 ms  AfterResolveReferences                     1 calls
        0 ms  BeforeResolveReferences                    1 calls
        0 ms  PrepareForRun                              1 calls
        0 ms  PreBuildEvent                              1 calls
        0 ms  MakeDirsForMidl                            1 calls
        0 ms  ResolvedXDCMake                            1 calls
        0 ms  BeforeClCompile                            1 calls
        0 ms  _Appverifier                               1 calls
        0 ms  BuildLink                                  1 calls
        0 ms  ComputeCLCompileGeneratedSbrFiles          1 calls
        0 ms  ResolveSDKReferences                       1 calls
        0 ms  _ALink                                     1 calls
        0 ms  Desktop_PlatformPrepareForBuild            1 calls
        0 ms  BuildGenerateSourcesTraverse               1 calls
        0 ms  _BuildGenerateSourcesAction                1 calls
        0 ms  AfterBuildGenerateSourcesEvent             1 calls
        0 ms  _BscMake                                   1 calls
        0 ms  _BuildCompileAction                        1 calls
        0 ms  GetInstalledSDKLocations                   1 calls
        0 ms  BuildCompile                               1 calls
        0 ms  MakeDirsForXdcMake                         1 calls
        0 ms  ComputeRCGeneratedLinkInputs               1 calls
        0 ms  PrepareResourceNames                       1 calls
        0 ms  ComputeLinkSwitches                        1 calls
        0 ms  _SplitProjectReferencesByFileExistence     1 calls
        1 ms  GetFrameworkPaths                          1 calls
        1 ms  RegisterOutput                             1 calls
        1 ms  ComputeReferenceCLInput                    1 calls
        1 ms  PostBuildEvent                             1 calls
        1 ms  _GenerateSatelliteAssemblyInputs           1 calls
        1 ms  ComputeLegacyManifestEmbedding             1 calls
        1 ms  GetReferenceAssemblyPaths                  1 calls
        1 ms  AssignTargetPaths                          1 calls
        1 ms  ResolveAssemblyReferences                  1 calls
        1 ms  BuildLinkTraverse                          1 calls
        1 ms  BuildCompileTraverse                       1 calls
        1 ms  _PrepareForBuild                           1 calls
        1 ms  ComputeCLGeneratedLinkInputs               1 calls
        1 ms  ComputeLinkImportLibraryOutputsForClean    1 calls
        1 ms  CopyFilesToOutputDirectory                 1 calls
        1 ms  GetResolvedWinMD                           1 calls
        1 ms  GetCopyToOutputDirectoryItems              1 calls
        1 ms  MakeDirsForResourceCompile                 1 calls
        1 ms  AfterLink                                  1 calls
        1 ms  _PrepareForReferenceResolution             1 calls
        1 ms  ComputeCLCompileGeneratedXDCFiles          1 calls
        1 ms  MakeDirsForCl                              1 calls
        1 ms  ComputeCLOutputs                           1 calls
        1 ms  SplitResourcesByCulture                    1 calls
        1 ms  FixupCLCompileOptions                      1 calls
        1 ms  _GetProjectReferenceTargetFrameworkProperties   1 calls
        2 ms  MakeDirsForLink                            1 calls
        2 ms  AssignProjectConfiguration                 1 calls
        2 ms  WarnCompileDuplicatedFilename              1 calls
        4 ms  FinalizeBuildStatus                        1 calls
        5 ms  PrepareForBuild                            1 calls
        7 ms  SetBuildDefaultEnvironmentVariables        1 calls
        8 ms  InitializeBuildStatus                      1 calls
       12 ms  _CheckForInvalidConfigurationAndPlatform   1 calls
       13 ms  DoLinkOutputFilesMatch                     1 calls
       21 ms  ResolveProjectReferences                   1 calls
      186 ms  SetCABuildNativeEnvironmentVariables       1 calls
      337 ms  Link                                       1 calls
      678 ms  ClCompile                                  1 calls
